<?xml version="1.0" encoding="UTF-8"?>
<testsuite xmlns:xsi="http://www.w3.org/2001/XMLSchema-instance" xsi:noNamespaceSchemaLocation="https://maven.apache.org/surefire/maven-surefire-plugin/xsd/surefire-test-report-3.0.xsd" version="3.0" name="com.alien.security.QuizApplicationTests" time="38.874" tests="1" errors="0" skipped="0" failures="0">
  <properties>
[...]
</properties>
  <testcase name="contextLoads" classname="com.alien.security.QuizApplicationTests" time="1.33">
    <system-out><![CDATA[19:42:11.687 [main] INFO org.springframework.test.context.support.AnnotationConfigContextLoaderUtils -- Could not detect default configuration classes for test class [com.alien.security.QuizApplicationTests]: QuizApplicationTests does not declare any static, non-private, non-final, nested classes annotated with @Configuration.
19:42:11.963 [main] INFO org.springframework.boot.test.context.SpringBootTestContextBootstrapper -- Found @SpringBootConfiguration com.alien.security.QuizApplication for test class com.alien.security.QuizApplicationTests

  .   ____          _            __ _ _
 /\\ / ___'_ __ _ _(_)_ __  __ _ \ \ \ \
( ( )\___ | '_ | '_| | '_ \/ _` | \ \ \ \
 \\/  ___)| |_)| | | | | || (_| |  ) ) ) )
  '  |____| .__|_| |_|_| |_\__, | / / / /
 =========|_|==============|___/=/_/_/_/
 :: Spring Boot ::                (v3.2.0)

2024-12-08T19:42:13.409+03:00  INFO 9804 --- [           main] c.alien.security.QuizApplicationTests    : Starting QuizApplicationTests using Java 17.0.12 with PID 9804 (started by sulai in C:\Users\sulai\Desktop\beta_security)
2024-12-08T19:42:13.415+03:00  INFO 9804 --- [           main] c.alien.security.QuizApplicationTests    : No active profile set, falling back to 1 default profile: "default"
2024-12-08T19:42:13.591+03:00 TRACE 9804 --- [           main] o.s.w.c.s.GenericWebApplicationContext   : Refreshing org.springframework.web.context.support.GenericWebApplicationContext@39c11e6c, started on Sun Dec 08 19:42:13 MSK 2024
2024-12-08T19:42:17.624+03:00  INFO 9804 --- [           main] .s.d.r.c.RepositoryConfigurationDelegate : Bootstrapping Spring Data JPA repositories in DEFAULT mode.
2024-12-08T19:42:18.255+03:00  INFO 9804 --- [           main] .s.d.r.c.RepositoryConfigurationDelegate : Finished Spring Data repository scanning in 593 ms. Found 13 JPA repository interfaces.
2024-12-08T19:42:21.711+03:00 TRACE 9804 --- [           main] o.s.w.c.s.GenericWebApplicationContext   : No 'messageSource' bean, using [Empty MessageSource]
2024-12-08T19:42:21.712+03:00 TRACE 9804 --- [           main] o.s.w.c.s.GenericWebApplicationContext   : No 'applicationEventMulticaster' bean, using [SimpleApplicationEventMulticaster]
2024-12-08T19:42:22.506+03:00  INFO 9804 --- [           main] o.hibernate.jpa.internal.util.LogHelper  : HHH000204: Processing PersistenceUnitInfo [name: default]
2024-12-08T19:42:22.740+03:00  INFO 9804 --- [           main] org.hibernate.Version                    : HHH000412: Hibernate ORM core version 6.3.1.Final
2024-12-08T19:42:22.957+03:00  INFO 9804 --- [           main] o.h.c.internal.RegionFactoryInitiator    : HHH000026: Second-level cache disabled
2024-12-08T19:42:24.142+03:00  INFO 9804 --- [           main] o.s.o.j.p.SpringPersistenceUnitInfo      : No LoadTimeWeaver setup: ignoring JPA class transformer
2024-12-08T19:42:24.279+03:00  INFO 9804 --- [           main] com.zaxxer.hikari.HikariDataSource       : alien - Starting...
2024-12-08T19:42:25.588+03:00  INFO 9804 --- [           main] com.zaxxer.hikari.pool.HikariPool        : alien - Added connection com.mysql.cj.jdbc.ConnectionImpl@72b10258
2024-12-08T19:42:25.599+03:00  INFO 9804 --- [           main] com.zaxxer.hikari.HikariDataSource       : alien - Start completed.
2024-12-08T19:42:26.225+03:00  WARN 9804 --- [           main] org.hibernate.orm.deprecation            : HHH90000025: MySQLDialect does not need to be specified explicitly using 'hibernate.dialect' (remove the property setting and it will be selected by default)
2024-12-08T19:42:29.885+03:00  INFO 9804 --- [           main] o.h.e.t.j.p.i.JtaPlatformInitiator       : HHH000489: No JTA platform available (set 'hibernate.transaction.jta.platform' to enable JTA platform integration)
2024-12-08T19:42:30.427+03:00  INFO 9804 --- [           main] j.LocalContainerEntityManagerFactoryBean : Initialized JPA EntityManagerFactory for persistence unit 'default'
2024-12-08T19:42:32.385+03:00  INFO 9804 --- [           main] o.s.d.j.r.query.QueryEnhancerFactory     : Hibernate is in classpath; If applicable, HQL parser will be used.
2024-12-08T19:42:36.212+03:00 TRACE 9804 --- [           main] eGlobalAuthenticationAutowiredConfigurer : Eagerly initializing {org.springframework.boot.autoconfigure.security.servlet.SpringBootWebSecurityConfiguration$WebSecurityEnablerConfiguration=org.springframework.boot.autoconfigure.security.servlet.SpringBootWebSecurityConfiguration$WebSecurityEnablerConfiguration@2a3de2b}
2024-12-08T19:42:37.604+03:00  WARN 9804 --- [           main] JpaBaseConfiguration$JpaWebConfiguration : spring.jpa.open-in-view is enabled by default. Therefore, database queries may be performed during view rendering. Explicitly configure spring.jpa.open-in-view to disable this warning
2024-12-08T19:42:38.529+03:00 TRACE 9804 --- [           main] s.w.s.m.m.a.RequestMappingHandlerMapping : 
	c.a.s.c.AttendanceController:
	{GET [/api/attendance/available-dates]}: getAvailableScheduleDates(Long)
	{DELETE [/api/attendance/delete/{studentId}/{attendanceId}]}: deleteAttendance(Long,Long)
	{PATCH [/api/attendance/update/{attendanceId}]}: updateAttendance(Long,Long,String,boolean)
	{GET [/api/attendance/get/{studentId}]}: getAllAttendances(Long)
	{POST [/api/attendance/create]}: createAttendance(Long,String,boolean)
2024-12-08T19:42:38.553+03:00 TRACE 9804 --- [           main] s.w.s.m.m.a.RequestMappingHandlerMapping : 
	c.a.s.c.DepartmentController:
	{DELETE [/api/department/{id}]}: deleteDepartment(Long)
	{PATCH [/api/department/{id}]}: updateDepartment(Long,Department)
	{POST [/api/department]}: createDepartment(Department)
	{GET [/api/department/all]}: getAllDirections()
2024-12-08T19:42:38.564+03:00 TRACE 9804 --- [           main] s.w.s.m.m.a.RequestMappingHandlerMapping : 
	c.a.s.c.DirectionController:
	{PATCH [/api/direction/{id}]}: updateDirection(Long,Direction)
	{DELETE [/api/direction/{id}]}: deleteDirection(Long)
	{POST [/api/direction]}: createDirection(Direction)
	{GET [/api/direction/directions]}: getAllDirections()
2024-12-08T19:42:38.572+03:00 TRACE 9804 --- [           main] s.w.s.m.m.a.RequestMappingHandlerMapping : 
	c.a.s.c.DisciplineController:
	{PATCH [/api/discipline/{id}]}: updateDiscipline(Long,Discipline)
	{POST [/api/discipline]}: createDiscipline(Discipline)
	{GET [/api/discipline/all]}: getAllDisciplines()
	{DELETE [/api/discipline/{id}]}: deleteDiscipline(Long)
2024-12-08T19:42:38.580+03:00 TRACE 9804 --- [           main] s.w.s.m.m.a.RequestMappingHandlerMapping : 
	c.a.s.c.EducationLevelController:
	{POST [/api/education-levels]}: createEducationLevel(EducationLevel)
	{GET [/api/education-levels]}: getAllEducationLevels()
	{DELETE [/api/education-levels/{id}]}: deleteEducationLevel(Long)
	{PATCH [/api/education-levels/{id}]}: updateEducationLevel(Long,EducationLevel)
2024-12-08T19:42:38.585+03:00 TRACE 9804 --- [           main] s.w.s.m.m.a.RequestMappingHandlerMapping : 
	c.a.s.c.FacultyController:
	{GET [/api/faculty/all]}: getFacultiesForCurrentUser(UserModel)
	{POST [/api/faculty/create]}: createFaculty(Faculty,UserModel)
	{DELETE [/api/faculty/delete/{id}]}: deleteFaculty(Long,UserModel)
	{PATCH [/api/faculty/edit/{id}]}: updateFaculty(Long,Faculty,UserModel)
2024-12-08T19:42:38.596+03:00 TRACE 9804 --- [           main] s.w.s.m.m.a.RequestMappingHandlerMapping : 
	c.a.s.c.GradesController:
	{GET [/api/grades/student/{studentId}]}: getGradesByStudentId(Long)
	{PATCH [/api/grades/{id}]}: updateGrades(Long,Grades)
	{DELETE [/api/grades/{id}]}: deleteGrades(Long)
	{GET [/api/grades/{id}]}: getGrades(Long)
	{POST [/api/grades]}: createGrades(Grades)
2024-12-08T19:42:38.604+03:00 TRACE 9804 --- [           main] s.w.s.m.m.a.RequestMappingHandlerMapping : 
	c.a.s.c.GroupController:
	{POST [/api/group]}: createGroup(Group)
	{PATCH [/api/group/{id}]}: updateGroup(Long,Group)
	{DELETE [/api/group/{id}]}: deleteGroup(Long)
	{GET [/api/group/allGroups]}: getAllGroups()
2024-12-08T19:42:38.613+03:00 TRACE 9804 --- [           main] s.w.s.m.m.a.RequestMappingHandlerMapping : 
	c.a.s.c.RestApp:
	{POST [/api/login]}: login(JwtRequest)
	{POST [/api/logout]}: logout(HttpServletRequest,HttpServletResponse)
	{DELETE [/api/delete/{username}]}: deleteUser(String)
	{POST [/api/createuser]}: createUser(UserModel)
	{PATCH [/api/updateuser]}: updateUser(UserModel)
	{GET [/api/userprivate]}: getBookPrivate()
	{GET [/api/userbyusername/{username}]}: getUserByusername(String)
	{GET [/api/currentuser]}: getLoggedUer(Principal)
	{GET [/api/user]}: getBook()
	{POST [/api/refreshToken]}: refreshJwtToken(RefreshTokenRequest)
	{POST [/api/adduser]}: addUser(UserModel)
2024-12-08T19:42:38.625+03:00 TRACE 9804 --- [           main] s.w.s.m.m.a.RequestMappingHandlerMapping : 
	c.a.s.c.ScheludeController:
	{POST [/api/schedule]}: createSchedule(Schedule)
	{GET [/api/schedule/all]}: getAllSchedules()
	{DELETE [/api/schedule/{id}]}: deleteSchelude(Long)
	{PATCH [/api/schedule/{id}]}: updateSchelude(Long,Schedule)
2024-12-08T19:42:38.635+03:00 TRACE 9804 --- [           main] s.w.s.m.m.a.RequestMappingHandlerMapping : 
	c.a.s.c.StudentController:
	{GET [/api/student/group/{groupId}]}: getStudentsByGroup(Long)
	{POST [/api/student]}: createStudent(Student)
	{DELETE [/api/student/{id}]}: deleteStudent(Long)
	{PATCH [/api/student/{id}]}: updateStudent(Long,Student)
2024-12-08T19:42:38.648+03:00 TRACE 9804 --- [           main] s.w.s.m.m.a.RequestMappingHandlerMapping : 
	c.a.s.c.TeacherDisciplineController:
	{POST [/api/teacher-discipline/assign]}: assignDisciplineToTeacher(Integer,Long)
	{GET [/api/teacher-discipline/all]}: getAllTeacherDisciplines()
	{GET [/api/teacher-discipline/{disciplineId}/groups]}: getGroupsByDiscipline(Long)
	{PATCH [/api/teacher-discipline/{id}]}: updateTeacherDiscipline(Long,Integer,Long)
	{GET [/api/teacher-discipline/disciplines]}: getAllDisciplinesForCurrentTeacher()
	{DELETE [/api/teacher-discipline/{id}]}: deleteTeacherDiscipline(Long)
2024-12-08T19:42:38.665+03:00 TRACE 9804 --- [           main] s.w.s.m.m.a.RequestMappingHandlerMapping : 
	o.s.b.a.w.s.e.BasicErrorController:
	{ [/error]}: error(HttpServletRequest)
	{ [/error], produces [text/html]}: errorHtml(HttpServletRequest,HttpServletResponse)
2024-12-08T19:42:38.723+03:00 TRACE 9804 --- [           main] s.w.s.m.m.a.RequestMappingHandlerMapping : 
	o.s.w.a.OpenApiWebMvcResource:
	{GET [/v3/api-docs.yaml], produces [application/vnd.oai.openapi]}: openapiYaml(HttpServletRequest,String,Locale)
	{GET [/v3/api-docs], produces [application/json]}: openapiJson(HttpServletRequest,String,Locale)
2024-12-08T19:42:38.735+03:00 TRACE 9804 --- [           main] s.w.s.m.m.a.RequestMappingHandlerMapping : 
	o.s.w.u.SwaggerWelcomeWebMvc:
	{GET [/swagger-ui.html]}: redirectToUi(HttpServletRequest)
2024-12-08T19:42:38.745+03:00 TRACE 9804 --- [           main] s.w.s.m.m.a.RequestMappingHandlerMapping : 
	o.s.w.u.SwaggerConfigResource:
	{GET [/v3/api-docs/swagger-config], produces [application/json]}: openapiJson(HttpServletRequest)
2024-12-08T19:42:38.760+03:00 DEBUG 9804 --- [           main] s.w.s.m.m.a.RequestMappingHandlerMapping : 65 mappings in 'requestMappingHandlerMapping'
2024-12-08T19:42:38.835+03:00 DEBUG 9804 --- [           main] o.s.w.s.h.BeanNameUrlHandlerMapping      : Detected 0 mappings in 'beanNameHandlerMapping'
2024-12-08T19:42:39.507+03:00 TRACE 9804 --- [           main] o.s.w.s.f.support.RouterFunctionMapping  : 0 RouterFunction(s) in 'routerFunctionMapping'
2024-12-08T19:42:43.205+03:00 TRACE 9804 --- [           main] o.s.w.s.handler.SimpleUrlHandlerMapping  : Mapped [/webjars/**] onto ResourceHttpRequestHandler [classpath [META-INF/resources/webjars/]]
2024-12-08T19:42:43.206+03:00 TRACE 9804 --- [           main] o.s.w.s.handler.SimpleUrlHandlerMapping  : Mapped [/**] onto ResourceHttpRequestHandler [classpath [META-INF/resources/], classpath [resources/], classpath [static/], classpath [public/], ServletContext [/]]
2024-12-08T19:42:43.208+03:00 TRACE 9804 --- [           main] o.s.w.s.handler.SimpleUrlHandlerMapping  : Mapped [/swagger-ui*/*swagger-initializer.js] onto ResourceHttpRequestHandler [classpath [META-INF/resources/webjars/]]
2024-12-08T19:42:43.209+03:00 TRACE 9804 --- [           main] o.s.w.s.handler.SimpleUrlHandlerMapping  : Mapped [/swagger-ui*/**] onto ResourceHttpRequestHandler [classpath [META-INF/resources/webjars/]]
2024-12-08T19:42:43.210+03:00 DEBUG 9804 --- [           main] o.s.w.s.handler.SimpleUrlHandlerMapping  : Patterns [/webjars/**, /**, /swagger-ui*/*swagger-initializer.js, /swagger-ui*/**] in 'resourceHandlerMapping'
2024-12-08T19:42:43.957+03:00  INFO 9804 --- [           main] o.s.b.a.e.web.EndpointLinksResolver      : Exposing 2 endpoint(s) beneath base path '/actuator'
2024-12-08T19:42:44.575+03:00  INFO 9804 --- [           main] o.s.s.web.DefaultSecurityFilterChain     : Will secure any request with [org.springframework.security.web.session.DisableEncodeUrlFilter@1aaab222, org.springframework.security.web.context.request.async.WebAsyncManagerIntegrationFilter@6ed1fdb7, org.springframework.security.web.context.SecurityContextHolderFilter@20ff27a4, org.springframework.security.web.header.HeaderWriterFilter@6eefc125, org.springframework.web.filter.CorsFilter@5649a3e8, org.springframework.security.web.authentication.logout.LogoutFilter@28728558, com.alien.security.jwt.JwtAuthenticationFilter@7e32442d, org.springframework.security.web.savedrequest.RequestCacheAwareFilter@7555782c, org.springframework.security.web.servletapi.SecurityContextHolderAwareRequestFilter@6066cf5, org.springframework.security.web.authentication.AnonymousAuthenticationFilter@4cc40892, org.springframework.security.web.session.SessionManagementFilter@5ad98e6f, org.springframework.security.web.access.ExceptionTranslationFilter@391720c3, org.springframework.security.web.access.intercept.AuthorizationFilter@5c6a915e]
2024-12-08T19:42:45.554+03:00 DEBUG 9804 --- [           main] s.w.s.m.m.a.RequestMappingHandlerAdapter : ControllerAdvice beans: 0 @ModelAttribute, 0 @InitBinder, 1 RequestBodyAdvice, 1 ResponseBodyAdvice
2024-12-08T19:42:46.027+03:00 DEBUG 9804 --- [           main] .m.m.a.ExceptionHandlerExceptionResolver : ControllerAdvice beans: 1 @ExceptionHandler, 1 ResponseBodyAdvice
2024-12-08T19:42:48.528+03:00 TRACE 9804 --- [           main] o.s.w.c.s.GenericWebApplicationContext   : Using LifecycleProcessor [org.springframework.context.support.DefaultLifecycleProcessor@32e2d117]
2024-12-08T19:42:48.579+03:00  INFO 9804 --- [           main] c.alien.security.QuizApplicationTests    : Started QuizApplicationTests in 36.087 seconds (process running for 39.82)
]]></system-out>
  </testcase>
</testsuite>